# JRE version: Java(TM) SE Runtime Environment (12.0.1+12) (build 12.0.1+12)
# Java VM: Java HotSpot(TM) 64-Bit Server VM (12.0.1+12, mixed mode, sharing, tiered, compressed oops, parallel gc, windows-amd64)
Heap:
 PSYoungGen      total 24576K, used 11224K [0x00000000eab00000, 0x00000000eca00000, 0x0000000100000000)
  eden space 22016K, 40% used [0x00000000eab00000,0x00000000eb3c0fb0,0x00000000ec080000)
  from space 2560K, 88% used [0x00000000ec400000,0x00000000ec635320,0x00000000ec680000)
  to   space 3584K, 0% used [0x00000000ec680000,0x00000000ec680000,0x00000000eca00000)
 ParOldGen       total 68608K, used 25441K [0x00000000c0000000, 0x00000000c4300000, 0x00000000eab00000)
  object space 68608K, 37% used [0x00000000c0000000,0x00000000c18d86e8,0x00000000c4300000)
 Metaspace       used 32577K, capacity 34824K, committed 35072K, reserved 1081344K
  class space    used 3286K, capacity 4023K, committed 4096K, reserved 1048576K
GC Heap History (10 events):
Event: 3.938 GC heap before
{Heap before GC invocations=8 (full 1):
 PSYoungGen      total 29696K, used 29682K [0x00000000eab00000, 0x00000000ed000000, 0x0000000100000000)
  eden space 24064K, 100% used [0x00000000eab00000,0x00000000ec280000,0x00000000ec280000)
  from space 5632K, 99% used [0x00000000ec900000,0x00000000ece7ca98,0x00000000ece80000)
  to   space 6656K, 0% used [0x00000000ec280000,0x00000000ec280000,0x00000000ec900000)
 ParOldGen       total 68608K, used 11417K [0x00000000c0000000, 0x00000000c4300000, 0x00000000eab00000)
  object space 68608K, 16% used [0x00000000c0000000,0x00000000c0b26480,0x00000000c4300000)
 Metaspace       used 26070K, capacity 28207K, committed 28544K, reserved 1075200K
  class space    used 2656K, capacity 3355K, committed 3456K, reserved 1048576K
}
Event: 3.941 GC heap after
{Heap after GC invocations=8 (full 1):
 PSYoungGen      total 30208K, used 6626K [0x00000000eab00000, 0x00000000ed200000, 0x0000000100000000)
  eden space 23552K, 0% used [0x00000000eab00000,0x00000000eab00000,0x00000000ec200000)
  from space 6656K, 99% used [0x00000000ec280000,0x00000000ec8f8aa8,0x00000000ec900000)
  to   space 8192K, 0% used [0x00000000eca00000,0x00000000eca00000,0x00000000ed200000)
 ParOldGen       total 68608K, used 12353K [0x00000000c0000000, 0x00000000c4300000, 0x00000000eab00000)
  object space 68608K, 18% used [0x00000000c0000000,0x00000000c0c10480,0x00000000c4300000)
 Metaspace       used 26070K, capacity 28207K, committed 28544K, reserved 1075200K
  class space    used 2656K, capacity 3355K, committed 3456K, reserved 1048576K
}
Event: 3.972 GC heap before
{Heap before GC invocations=9 (full 1):
 PSYoungGen      total 30208K, used 30178K [0x00000000eab00000, 0x00000000ed200000, 0x0000000100000000)
  eden space 23552K, 100% used [0x00000000eab00000,0x00000000ec200000,0x00000000ec200000)
  from space 6656K, 99% used [0x00000000ec280000,0x00000000ec8f8aa8,0x00000000ec900000)
  to   space 8192K, 0% used [0x00000000eca00000,0x00000000eca00000,0x00000000ed200000)
 ParOldGen       total 68608K, used 12353K [0x00000000c0000000, 0x00000000c4300000, 0x00000000eab00000)
  object space 68608K, 18% used [0x00000000c0000000,0x00000000c0c10480,0x00000000c4300000)
 Metaspace       used 26146K, capacity 28303K, committed 28544K, reserved 1075200K
  class space    used 2662K, capacity 3387K, committed 3456K, reserved 1048576K
}
Event: 3.976 GC heap after
{Heap after GC invocations=9 (full 1):
 PSYoungGen      total 30208K, used 6867K [0x00000000eab00000, 0x00000000ed100000, 0x0000000100000000)
  eden space 23040K, 0% used [0x00000000eab00000,0x00000000eab00000,0x00000000ec180000)
  from space 7168K, 95% used [0x00000000eca00000,0x00000000ed0b4c40,0x00000000ed100000)
  to   space 7168K, 0% used [0x00000000ec300000,0x00000000ec300000,0x00000000eca00000)
 ParOldGen       total 68608K, used 14737K [0x00000000c0000000, 0x00000000c4300000, 0x00000000eab00000)
  object space 68608K, 21% used [0x00000000c0000000,0x00000000c0e64798,0x00000000c4300000)
 Metaspace       used 26146K, capacity 28303K, committed 28544K, reserved 1075200K
  class space    used 2662K, capacity 3387K, committed 3456K, reserved 1048576K
}
Event: 3.997 GC heap before
{Heap before GC invocations=10 (full 1):
 PSYoungGen      total 30208K, used 29907K [0x00000000eab00000, 0x00000000ed100000, 0x0000000100000000)
  eden space 23040K, 100% used [0x00000000eab00000,0x00000000ec180000,0x00000000ec180000)
  from space 7168K, 95% used [0x00000000eca00000,0x00000000ed0b4c40,0x00000000ed100000)
  to   space 7168K, 0% used [0x00000000ec300000,0x00000000ec300000,0x00000000eca00000)
 ParOldGen       total 68608K, used 14737K [0x00000000c0000000, 0x00000000c4300000, 0x00000000eab00000)
  object space 68608K, 21% used [0x00000000c0000000,0x00000000c0e64798,0x00000000c4300000)
 Metaspace       used 26146K, capacity 28303K, committed 28544K, reserved 1075200K
  class space    used 2662K, capacity 3387K, committed 3456K, reserved 1048576K
}
Event: 4.000 GC heap after
{Heap after GC invocations=10 (full 1):
 PSYoungGen      total 29184K, used 6144K [0x00000000eab00000, 0x00000000ece00000, 0x0000000100000000)
  eden space 22528K, 0% used [0x00000000eab00000,0x00000000eab00000,0x00000000ec100000)
  from space 6656K, 92% used [0x00000000ec300000,0x00000000ec900020,0x00000000ec980000)
  to   space 4608K, 0% used [0x00000000ec980000,0x00000000ec980000,0x00000000ece00000)
 ParOldGen       total 68608K, used 17553K [0x00000000c0000000, 0x00000000c4300000, 0x00000000eab00000)
  object space 68608K, 25% used [0x00000000c0000000,0x00000000c11247f8,0x00000000c4300000)
 Metaspace       used 26146K, capacity 28303K, committed 28544K, reserved 1075200K
  class space    used 2662K, capacity 3387K, committed 3456K, reserved 1048576K
}
Event: 4.021 GC heap before
{Heap before GC invocations=11 (full 1):
 PSYoungGen      total 29184K, used 28672K [0x00000000eab00000, 0x00000000ece00000, 0x0000000100000000)
  eden space 22528K, 100% used [0x00000000eab00000,0x00000000ec100000,0x00000000ec100000)
  from space 6656K, 92% used [0x00000000ec300000,0x00000000ec900020,0x00000000ec980000)
  to   space 4608K, 0% used [0x00000000ec980000,0x00000000ec980000,0x00000000ece00000)
 ParOldGen       total 68608K, used 17553K [0x00000000c0000000, 0x00000000c4300000, 0x00000000eab00000)
  object space 68608K, 25% used [0x00000000c0000000,0x00000000c11247f8,0x00000000c4300000)
 Metaspace       used 26146K, capacity 28303K, committed 28544K, reserved 1075200K
  class space    used 2662K, capacity 3387K, committed 3456K, reserved 1048576K
}
Event: 4.025 GC heap after
{Heap after GC invocations=11 (full 1):
 PSYoungGen      total 26624K, used 4128K [0x00000000eab00000, 0x00000000ece00000, 0x0000000100000000)
  eden space 22016K, 0% used [0x00000000eab00000,0x00000000eab00000,0x00000000ec080000)
  from space 4608K, 89% used [0x00000000ec980000,0x00000000ecd88010,0x00000000ece00000)
  to   space 5120K, 0% used [0x00000000ec400000,0x00000000ec400000,0x00000000ec900000)
 ParOldGen       total 68608K, used 21379K [0x00000000c0000000, 0x00000000c4300000, 0x00000000eab00000)
  object space 68608K, 31% used [0x00000000c0000000,0x00000000c14e0e58,0x00000000c4300000)
 Metaspace       used 26146K, capacity 28303K, committed 28544K, reserved 1075200K
  class space    used 2662K, capacity 3387K, committed 3456K, reserved 1048576K
}
Event: 4.230 GC heap before
{Heap before GC invocations=12 (full 1):
 PSYoungGen      total 26624K, used 26144K [0x00000000eab00000, 0x00000000ece00000, 0x0000000100000000)
  eden space 22016K, 100% used [0x00000000eab00000,0x00000000ec080000,0x00000000ec080000)
  from space 4608K, 89% used [0x00000000ec980000,0x00000000ecd88010,0x00000000ece00000)
  to   space 5120K, 0% used [0x00000000ec400000,0x00000000ec400000,0x00000000ec900000)
 ParOldGen       total 68608K, used 21379K [0x00000000c0000000, 0x00000000c4300000, 0x00000000eab00000)
  object space 68608K, 31% used [0x00000000c0000000,0x00000000c14e0e58,0x00000000c4300000)
 Metaspace       used 31371K, capacity 33539K, committed 33664K, reserved 1079296K
  class space    used 3143K, capacity 3895K, committed 3968K, reserved 1048576K
}
Event: 4.233 GC heap after
{Heap after GC invocations=12 (full 1):
 PSYoungGen      total 24576K, used 2260K [0x00000000eab00000, 0x00000000eca00000, 0x0000000100000000)
  eden space 22016K, 0% used [0x00000000eab00000,0x00000000eab00000,0x00000000ec080000)
  from space 2560K, 88% used [0x00000000ec400000,0x00000000ec635320,0x00000000ec680000)
  to   space 3584K, 0% used [0x00000000ec680000,0x00000000ec680000,0x00000000eca00000)
 ParOldGen       total 68608K, used 25441K [0x00000000c0000000, 0x00000000c4300000, 0x00000000eab00000)
  object space 68608K, 37% used [0x00000000c0000000,0x00000000c18d86e8,0x00000000c4300000)
 Metaspace       used 31371K, capacity 33539K, committed 33664K, reserved 1079296K
  class space    used 3143K, capacity 3895K, committed 3968K, reserved 1048576K
}

